0 info it worked if it ends with ok
1 verbose cli [ 'node', '/usr/local/bin/npm', 'version', 'patch' ]
2 info using npm@2.12.0
3 info using node@v0.10.25
4 verbose node symlink /usr/bin/node
5 info preversion mysql-script-deploy@0.0.1
6 info git [ 'status', '--porcelain' ]
7 verbose stack Error: Error: Git working directory not clean.
7 verbose stack M README.md
7 verbose stack M buildMethods.js
7 verbose stack M package.json
7 verbose stack     at /usr/local/lib/node_modules/npm/lib/version.js:71:23
7 verbose stack     at /usr/local/lib/node_modules/npm/lib/version.js:151:34
7 verbose stack     at ChildProcess.exithandler (child_process.js:635:7)
7 verbose stack     at ChildProcess.EventEmitter.emit (events.js:98:17)
7 verbose stack     at maybeClose (child_process.js:743:16)
7 verbose stack     at Socket.<anonymous> (child_process.js:956:11)
7 verbose stack     at Socket.EventEmitter.emit (events.js:95:17)
7 verbose stack     at Pipe.close (net.js:466:12)
8 verbose cwd /data01/www/node-mysql-script-deploy
9 error Linux 3.13.0-45-generic
10 error argv "node" "/usr/local/bin/npm" "version" "patch"
11 error node v0.10.25
12 error npm  v2.12.0
13 error Error: Git working directory not clean.
13 error M README.md
13 error M buildMethods.js
13 error M package.json
14 error If you need help, you may report this error at:
14 error     <https://github.com/npm/npm/issues>
15 verbose exit [ 1, true ]
